app/build/outputs/mapping/release/seeds.txt
com.flashcardkids.viewmodel.DeckViewModel_HiltModules$BindsModule
com.flashcardkids.ui.screens.ComposableSingletons$CardStudyScreenKt$lambda-5$1
com.flashcardkids.ui.screens.HomeScreenKt$HomeScreen$1$1$1
com.flashcardkids.ui.screens.DeckDetailScreenKt$DeckDetailScreen$4$1$3$invoke$$inlined$items$default$2
com.flashcardkids.ui.screens.DeckDetailScreenKt$DeckDetailScreen$4
com.flashcardkids.ui.navigation.NavGraphKt$NavGraph$1$3
com.flashcardkids.ui.screens.CardStudyScreenKt$CardStudyScreen$1$invoke$$inlined$onDispose$1
com.flashcardkids.ui.screens.ComposableSingletons$AddCardScreenKt
com.flashcardkids.ui.navigation.NavGraphKt$NavGraph$1$2$1
com.flashcardkids.ui.screens.CardStudyScreenKt$CardStudyScreen$3$2
com.flashcardkids.di.AppModule_ProvideProgressDaoFactory
com.flashcardkids.data.repository.DeckRepository_Factory
com.flashcardkids.ui.components.FlashCardKt
com.flashcardkids.ui.screens.HomeScreenKt$HomeScreen$2
com.flashcardkids.data.local.dao.ProgressDao_Impl$6
com.flashcardkids.ui.navigation.Screen$CardStudy
com.flashcardkids.ui.screens.DeckDetailScreenKt$DeckDetailScreen$4$1$3$invoke$$inlined$items$default$4
com.flashcardkids.ui.screens.ProgressScreenKt$ProgressScreen$2$1$1$invoke$$inlined$items$default$1
com.flashcardkids.ui.components.ProgressIndicatorKt$ProgressIndicator$1
com.flashcardkids.viewmodel.CardViewModel$updateCard$1
com.flashcardkids.ui.screens.ComposableSingletons$HomeScreenKt$lambda-4$1
com.flashcardkids.ui.navigation.NavGraphKt$NavGraph$1$7
com.flashcardkids.ui.screens.ComposableSingletons$DeckDetailScreenKt$lambda-2$1
com.flashcardkids.ui.screens.ComposableSingletons$DeckListScreenKt$lambda-3$1
com.flashcardkids.viewmodel.CardViewModel
com.flashcardkids.ui.navigation.Screen
com.flashcardkids.ui.components.CardFlipAnimationKt$CardFlipAnimation$1
com.flashcardkids.ui.screens.DeckListScreenKt$DeckListScreen$4
com.flashcardkids.ui.screens.AddCardScreenKt$AddCardScreen$2
com.flashcardkids.ui.screens.ComposableSingletons$DeckDetailScreenKt
com.flashcardkids.ui.screens.ComposableSingletons$DeckListScreenKt$lambda-2$1
com.flashcardkids.viewmodel.DeckWithCount
com.flashcardkids.ui.screens.DeckListScreenKt$DeckListScreen$3$3$invoke$$inlined$items$default$3
com.flashcardkids.data.local.dao.DeckDao_Impl$4
com.flashcardkids.ui.screens.AddCardScreenKt$AddCardScreen$2$1$4$1
com.flashcardkids.ui.screens.CardStudyScreenKt$CardStudyScreen$4$3$1
com.flashcardkids.ui.screens.ProgressScreenKt$ProgressScreen$2$1$1$invoke$$inlined$items$default$3
com.flashcardkids.ui.screens.DeckDetailScreenKt$DeckDetailScreen$4$1$3
com.flashcardkids.ui.screens.DeckListScreenKt$DeckListScreen$3$3$invoke$$inlined$items$default$1
com.flashcardkids.di.AppModule_ProvideCardDaoFactory
com.flashcardkids.viewmodel.CardViewModel_HiltModules$KeyModule
com.flashcardkids.ui.screens.ComposableSingletons$AddDeckScreenKt$lambda-6$1
com.flashcardkids.ui.screens.ProgressScreenKt$ProgressScreen$2
com.flashcardkids.data.local.dao.CardDao_Impl$9
com.flashcardkids.viewmodel.DeckProgress
com.flashcardkids.ui.screens.ComposableSingletons$ProgressScreenKt$lambda-4$1
com.flashcardkids.data.local.dao.ProgressDao_Impl
com.flashcardkids.data.local.entity.ProgressEntity
com.flashcardkids.util.AudioUtils
com.flashcardkids.ui.screens.ComposableSingletons$ProgressScreenKt$lambda-3$1
com.flashcardkids.ui.screens.DeckDetailScreenKt$CardItem$1
com.flashcardkids.data.repository.DeckRepository
com.flashcardkids.ui.navigation.NavGraphKt$NavGraph$1$6
com.flashcardkids.ui.screens.CardStudyScreenKt$CardStudyScreen$3$1
com.flashcardkids.data.local.dao.DeckDao_Impl$3
com.flashcardkids.ui.screens.CardStudyScreenKt$CardStudyScreen$4$2$5$2$1
com.flashcardkids.data.local.dao.CardDao_Impl$1
com.flashcardkids.ui.screens.AddDeckScreenKt$AddDeckScreen$3
com.flashcardkids.ui.screens.AddDeckScreenKt$AddDeckScreen$2$1$2$1
com.flashcardkids.ui.screens.ComposableSingletons$AddCardScreenKt$lambda-6$1
com.flashcardkids.viewmodel.CardViewModel$loadCards$1
...
androidx.compose.ui.text.android.BoringLayoutFactory33: android.text.BoringLayout$Metrics isBoring(java.lang.CharSequence,android.text.TextPaint,android.text.TextDirectionHeuristic)
androidx.core.view.WindowInsetsCompat$BuilderImpl20: WindowInsetsCompat$BuilderImpl20()
androidx.core.view.ViewParentCompat$Api21Impl: void onNestedScrollAccepted(android.view.ViewParent,android.view.View,android.view.View,int)
androidx.compose.ui.platform.AndroidComposeView: androidx.compose.ui.autofill.AutofillTree getAutofillTree()
kotlin.coroutines.jvm.internal.BaseContinuationImpl: void resumeWith(java.lang.Object)
androidx.core.view.ViewCompat$Api21Impl: void setTranslationZ(android.view.View,float)
androidx.core.os.BundleApi21ImplKt: void putSize(android.os.Bundle,java.lang.String,android.util.Size)
androidx.camera.core.CameraX$InternalInitState: androidx.camera.core.CameraX$InternalInitState[] values()
androidx.core.view.WindowInsetsCompat$Impl21: void setStableInsets(androidx.core.graphics.Insets)
androidx.core.view.WindowInsetsCompat$Impl20: androidx.core.graphics.Insets getInsets(int)
androidx.activity.OnBackPressedDispatcher$Api34Impl: android.window.OnBackInvokedCallback createOnBackAnimationCallback(kotlin.jvm.functions.Function1,kotlin.jvm.functions.Function1,kotlin.jvm.functions.Function0,kotlin.jvm.functions.Function0)
androidx.core.content.ContextCompat$Api23Impl: java.lang.String getSystemServiceName(android.content.Context,java.lang.Class)
androidx.appcompat.widget.Toolbar: void setCollapseIcon(android.graphics.drawable.Drawable)
androidx.core.view.WindowInsetsCompat$BuilderImpl29: void setMandatorySystemGestureInsets(androidx.core.graphics.Insets)
androidx.core.text.ICUCompat$Api24Impl: android.icu.util.ULocale forLocale(java.util.Locale)
androidx.appcompat.widget.ActionBarOverlayLayout: void setOverlayMode(boolean)
androidx.vectordrawable.graphics.drawable.VectorDrawableCompat$VFullPath: float getFillAlpha()
androidx.compose.ui.focus.FocusTargetNode$FocusTargetElement: FocusTargetNode$FocusTargetElement()
androidx.compose.foundation.MutatePriority: androidx.compose.foundation.MutatePriority valueOf(java.lang.String)
androidx.core.view.ViewCompat$Api29Impl: void saveAttributeDataForStyleable(android.view.View,android.content.Context,int[],android.util.AttributeSet,android.content.res.TypedArray,int,int)
androidx.compose.ui.layout.MeasuringIntrinsics$IntrinsicWidthHeight: androidx.compose.ui.layout.MeasuringIntrinsics$IntrinsicWidthHeight[] values()
androidx.core.graphics.drawable.IconCompat$Api28Impl: int getType(java.lang.Object)
androidx.appcompat.widget.Toolbar: void setCollapsible(boolean)
androidx.compose.material3.tokens.TypographyKeyTokens: androidx.compose.material3.tokens.TypographyKeyTokens valueOf(java.lang.String)
androidx.core.view.accessibility.AccessibilityNodeInfoCompat$Api34Impl: void setAccessibilityDataSensitive(android.view.accessibility.AccessibilityNodeInfo,boolean)
kotlinx.coroutines.android.AndroidExceptionPreHandler: void handleException(kotlin.coroutines.CoroutineContext,java.lang.Throwable)
androidx.appcompat.widget.AppCompatTextView: void setAllCaps(boolean)
androidx.compose.ui.platform.AndroidComposeView: androidx.compose.ui.autofill.Autofill getAutofill()
androidx.appcompat.widget.Toolbar: android.view.View getNavButtonView()
androidx.profileinstaller.FileSectionType: androidx.profileinstaller.FileSectionType valueOf(java.lang.String)
androidx.camera.lifecycle.LifecycleCameraRepository$LifecycleCameraRepositoryObserver: void onStart(androidx.lifecycle.LifecycleOwner)
androidx.compose.ui.layout.IntrinsicMinMax: androidx.compose.ui.layout.IntrinsicMinMax valueOf(java.lang.String)
androidx.room.EntityInsertionAdapter: java.lang.Long[] insertAndReturnIdsArrayBox(java.lang.Object[])
androidx.core.graphics.drawable.IconCompat: IconCompat()
androidx.room.RoomDatabase: void isOpen$annotations()