app/build/outputs/mapping/release/usage.txt
com.flashcardkids.DaggerFlashcardApplication_HiltComponents_SingletonC$ActivityCImpl:
    public dagger.hilt.android.internal.builders.FragmentComponentBuilder fragmentComponentBuilder()
    public dagger.hilt.android.internal.builders.ViewComponentBuilder viewComponentBuilder()
com.flashcardkids.DaggerFlashcardApplication_HiltComponents_SingletonC$Builder:
    public com.flashcardkids.DaggerFlashcardApplication_HiltComponents_SingletonC$Builder appModule(com.flashcardkids.di.AppModule)
    public com.flashcardkids.DaggerFlashcardApplication_HiltComponents_SingletonC$Builder hiltWrapper_FragmentGetContextFix_FragmentGetContextFixModule(dagger.hilt.android.flags.HiltWrapper_FragmentGetContextFix_FragmentGetContextFixModule)
com.flashcardkids.DaggerFlashcardApplication_HiltComponents_SingletonC$FragmentCBuilder
com.flashcardkids.DaggerFlashcardApplication_HiltComponents_SingletonC$FragmentCImpl
com.flashcardkids.DaggerFlashcardApplication_HiltComponents_SingletonC$ServiceCBuilder
com.flashcardkids.DaggerFlashcardApplication_HiltComponents_SingletonC$ServiceCImpl
com.flashcardkids.DaggerFlashcardApplication_HiltComponents_SingletonC$SingletonCImpl:
    public java.util.Set getDisableFragmentGetContextFix()
    public dagger.hilt.android.internal.builders.ServiceComponentBuilder serviceComponentBuilder()
com.flashcardkids.DaggerFlashcardApplication_HiltComponents_SingletonC$ViewCBuilder
com.flashcardkids.DaggerFlashcardApplication_HiltComponents_SingletonC$ViewCImpl
com.flashcardkids.DaggerFlashcardApplication_HiltComponents_SingletonC$ViewWithFragmentCBuilder
com.flashcardkids.DaggerFlashcardApplication_HiltComponents_SingletonC$ViewWithFragmentCImpl
com.flashcardkids.DaggerFlashcardApplication_HiltComponents_SingletonC:
    private void <init>()
com.flashcardkids.FlashcardApplication_ComponentTreeDeps
com.flashcardkids.FlashcardApplication_HiltComponents$ActivityC$Builder
com.flashcardkids.FlashcardApplication_HiltComponents$ActivityCBuilderModule
com.flashcardkids.FlashcardApplication_HiltComponents$ActivityRetainedC$Builder
com.flashcardkids.FlashcardApplication_HiltComponents$ActivityRetainedCBuilderModule
com.flashcardkids.FlashcardApplication_HiltComponents$FragmentC$Builder
com.flashcardkids.FlashcardApplication_HiltComponents$FragmentC
com.flashcardkids.FlashcardApplication_HiltComponents$FragmentCBuilderModule
com.flashcardkids.FlashcardApplication_HiltComponents$ServiceC$Builder
com.flashcardkids.FlashcardApplication_HiltComponents$ServiceC
com.flashcardkids.FlashcardApplication_HiltComponents$ServiceCBuilderModule
com.flashcardkids.FlashcardApplication_HiltComponents$ViewC$Builder
com.flashcardkids.FlashcardApplication_HiltComponents$ViewC
com.flashcardkids.FlashcardApplication_HiltComponents$ViewCBuilderModule
com.flashcardkids.FlashcardApplication_HiltComponents$ViewModelC$Builder
com.flashcardkids.FlashcardApplication_HiltComponents$ViewModelCBuilderModule
com.flashcardkids.FlashcardApplication_HiltComponents$ViewWithFragmentC$Builder
com.flashcardkids.FlashcardApplication_HiltComponents$ViewWithFragmentC
com.flashcardkids.FlashcardApplication_HiltComponents$ViewWithFragmentCBuilderModule
com.flashcardkids.FlashcardApplication_HiltComponents
com.flashcardkids.R$color
com.flashcardkids.R$drawable
com.flashcardkids.R$mipmap
com.flashcardkids.R$string
com.flashcardkids.R$style
com.flashcardkids.R$xml
com.flashcardkids.R
com.flashcardkids.ui.Hilt_MainActivity:
    void <init>(int)
    public synthetic bridge dagger.hilt.internal.GeneratedComponentManager componentManager()
com.flashcardkids.ui.MainActivity:
    public static final int $stable
com.flashcardkids.ui.theme.ColorKt:
    public static final long getCardBlue()
    public static final long getCardOrange()
    public static final long getCardPink()
    public static final long getCardYellow()
com.flashcardkids.DaggerFlashcardApplication_HiltComponents_SingletonC$ActivityCBuilder-IA
...
androidx.compose.ui.text.AndroidParagraph$wordBoundary$2
androidx.compose.ui.text.AndroidParagraph:
    public final boolean ellipsis
    public final androidx.compose.ui.text.style.ResolvedTextDirection getBidiRunDirection(int)
    public static androidx.compose.ui.geometry.Rect getBoundingBox()
    public static androidx.compose.ui.geometry.Rect getCursorRect()
    public static boolean getDidExceedMaxLines()
    public final float getFirstBaseline()
    public final float getHorizontalPosition(int,boolean)
    public final float getLastBaseline()
    public static float getLineBaseline$ui_text_release()
    public static float getLineBottom()
    public static int getLineCount()
    public static int getLineEnd()
    public static int getLineForOffset()
    public static int getLineForVerticalPosition()
    public static float getLineLeft()
    public static float getLineRight()
    public static int getLineStart()
    public static float getLineTop()
    public static float getMinIntrinsicWidth()
    public static int getOffsetForPosition-k-4lQ0M()
    public static androidx.compose.ui.text.style.ResolvedTextDirection getParagraphDirection()
    public static androidx.compose.ui.graphics.Path getPathForRange()
    public static java.util.List getPlaceholderRects()
    public static androidx.compose.ui.text.platform.style.ShaderBrushSpan[] getShaderBrushSpans()
    public static java.util.Locale getTextLocale$ui_text_release()
    public static androidx.compose.ui.text.platform.AndroidTextPaint getTextPaint$ui_text_release()
androidx.compose.ui.text.AndroidParagraph_androidKt
androidx.compose.ui.text.AndroidTextStyle_androidKt:
    public static final int addMaxWithMinimum(int,int)
    public static void checkBuilderRequirement(java.lang.Class,java.lang.Object)
    public static final long coerceIn-8ffj60Q(long,int)
    public static android.widget.EdgeEffect create(android.content.Context,android.util.AttributeSet)
    public static final android.graphics.drawable.Drawable getDrawableCompat(int,android.content.Context)
    public static int getSign(int)
    public static int growSize(int)
    public static varargs float maxOf(float,float[])
    public static varargs int maxOf(int[],int)
    public static varargs float minOf(float,float[])
    public static java.util.Comparator naturalOrder()
    public static final void set(android.view.View,androidx.lifecycle.ViewModelStoreOwner)
androidx.compose.ui.text.AnnotatedString$Builder:
    public static final int $stable
    public final java.util.List styleStack
    static void <clinit>()
    public final void addStyle(androidx.compose.ui.text.ParagraphStyle,int,int)
    public static androidx.compose.ui.text.AnnotatedString$Builder append()
    public static void append()
    public static androidx.compose.ui.text.AnnotatedString$Builder append$1()
    public static androidx.compose.ui.text.AnnotatedString$Builder append$2()
androidx.compose.ui.text.AnnotatedString$Range:
    static void <clinit>()
    public static java.lang.Object component1()
    public static int component2()
    public static int component3()
    public static int getEnd()
    public static java.lang.Object getItem()
    public static int getStart()
    public static java.lang.String getTag()
androidx.compose.ui.text.AnnotatedString$special$$inlined$sortedBy$1